<?xml version="1.0" encoding="UTF-8"?>
<testsuite name="org.example.SistemaDeEventosClimaticosTest" tests="12" skipped="0" failures="0" errors="0" timestamp="2024-07-03T14:05:31" hostname="alexander-IdeaPad-3-14IIL05" time="0.049">
  <properties/>
  <testcase name="NoEnviarNotificacionSiPresionAtmosfericaEsMenorrACienTest()" classname="org.example.SistemaDeEventosClimaticosTest" time="0.027"/>
  <testcase name="EnviarNotificacionSiHumedadEsMayorAOchentaTest()" classname="org.example.SistemaDeEventosClimaticosTest" time="0.002"/>
  <testcase name="CerrarPersianasSiVelocidadDelVientoEsMayorACuarentaYCantidadDeLluviaEsMayorAQuinceTest()" classname="org.example.SistemaDeEventosClimaticosTest" time="0.003"/>
  <testcase name="NoActivarSistemaDeRiegoSiTemperaturaEsMenorATreintaTest()" classname="org.example.SistemaDeEventosClimaticosTest" time="0.001"/>
  <testcase name="NoMostrarAlertaLluviaIntensaSiCantidadDeLluviaEsMenorAQuinceTest()" classname="org.example.SistemaDeEventosClimaticosTest" time="0.001"/>
  <testcase name="EnviarNotificacionSiPresionAtmosfericaEsMayorACienTest()" classname="org.example.SistemaDeEventosClimaticosTest" time="0.001"/>
  <testcase name="NoEnviarNotificacionSiHumedadEsMenorAOchentaTest()" classname="org.example.SistemaDeEventosClimaticosTest" time="0.001"/>
  <testcase name="NoMostrarAlertaVientoFuerteSiVelocidadDelVientoEsMenorACuarentaTest()" classname="org.example.SistemaDeEventosClimaticosTest" time="0.0"/>
  <testcase name="MostrarAlertaLluviaIntensaSiCantidadDeLluviaEsMayorAQuinceTest()" classname="org.example.SistemaDeEventosClimaticosTest" time="0.001"/>
  <testcase name="ActivarSistemaDeRiegoSiTemperaturaEsMayorATreintaTest()" classname="org.example.SistemaDeEventosClimaticosTest" time="0.001"/>
  <testcase name="NoCerrarPersianasSiVelocidadDelVientoEsMenorACuarentaYCantidadDeLluviaEsMenorAQuinceTest()" classname="org.example.SistemaDeEventosClimaticosTest" time="0.001"/>
  <testcase name="MostrarAlertaVientoFuerteSiVelocidadDelVientoEsMayorACuarentaTest()" classname="org.example.SistemaDeEventosClimaticosTest" time="0.001"/>
  <system-out><![CDATA[]]></system-out>
  <system-err><![CDATA[]]></system-err>
</testsuite>
