<?xml version="1.0" encoding="UTF-8"?>
<testsuite name="org.example.CalculatorTest" tests="20" skipped="0" failures="0" errors="0" timestamp="2024-05-08T02:05:21" hostname="alexander-IdeaPad-3-14IIL05" time="0.088">
  <properties/>
  <testcase name="testDiv_NegativeAndZeroNumbers_ShouldReturnCorrectDiv()" classname="org.example.CalculatorTest" time="0.021"/>
  <testcase name="testSum_NegativeAndNegativeNumbers_ShouldReturnCorrectSum()" classname="org.example.CalculatorTest" time="0.002"/>
  <testcase name="testMult_PositiveNumbers_ShouldReturnCorrectMult()" classname="org.example.CalculatorTest" time="0.001"/>
  <testcase name="testDiv_NegativeAndPositiveNumbers_ShouldReturnCorrectDiv()" classname="org.example.CalculatorTest" time="0.002"/>
  <testcase name="testDiv_ZeroAndNegativeNumbers_ShouldReturnCorrectDiv()" classname="org.example.CalculatorTest" time="0.001"/>
  <testcase name="testMult_NegativeNumbers_ShouldReturnCorrectMult()" classname="org.example.CalculatorTest" time="0.002"/>
  <testcase name="testSum_NegativeNumbers_ShouldReturnCorrectSum()" classname="org.example.CalculatorTest" time="0.001"/>
  <testcase name="testMult_NegativeAndPositiveNumbers_ShouldReturnCorrectMult()" classname="org.example.CalculatorTest" time="0.002"/>
  <testcase name="testDiv_NegativeNumbers_ShouldReturnCorrectDiv()" classname="org.example.CalculatorTest" time="0.002"/>
  <testcase name="testDiv_ZeroAndPositiveNumbers_ShouldReturnCorrectDiv()" classname="org.example.CalculatorTest" time="0.001"/>
  <testcase name="testRes_NegativeAndPositiveNumbers_ShouldReturnCorrectRes()" classname="org.example.CalculatorTest" time="0.001"/>
  <testcase name="testSum_PositiveNumbers_ShouldReturnCorrectSum()" classname="org.example.CalculatorTest" time="0.001"/>
  <testcase name="testDiv_PositiveAndNegativeNumbers_ShouldReturnCorrectDiv()" classname="org.example.CalculatorTest" time="0.003"/>
  <testcase name="testRes_NegativeNumbers_ShouldReturnCorrectRes()" classname="org.example.CalculatorTest" time="0.001"/>
  <testcase name="testDiv_PositiveNumbers_ShouldReturnCorrectDiv()" classname="org.example.CalculatorTest" time="0.002"/>
  <testcase name="testSum_PositiveAndNegativeNumbers_ShouldReturnCorrectSum()" classname="org.example.CalculatorTest" time="0.001"/>
  <testcase name="testMult_PositiveAndNegativeNumbers_ShouldReturnCorrectMult()" classname="org.example.CalculatorTest" time="0.001"/>
  <testcase name="testRes_PositiveNumbers_ShouldReturnCorrectRes()" classname="org.example.CalculatorTest" time="0.001"/>
  <testcase name="testRes_PositiveAndNegativeNumbers_ShouldReturnCorrectRes()" classname="org.example.CalculatorTest" time="0.001"/>
  <testcase name="testDiv_PositiveAndZeroNumbers_ShouldReturnCorrectDiv()" classname="org.example.CalculatorTest" time="0.002"/>
  <system-out><![CDATA[]]></system-out>
  <system-err><![CDATA[]]></system-err>
</testsuite>
