<?xml version="1.0" encoding="UTF-8"?>
<testsuite name="JuegoTest" tests="5" skipped="0" failures="0" errors="0" timestamp="2024-06-05T14:02:39" hostname="alexander-IdeaPad-3-14IIL05" time="0.027">
  <properties/>
  <testcase name="CreacionDeHabitacionSinExitoTest()" classname="JuegoTest" time="0.013"/>
  <testcase name="CreacionDeHabitacionConExitoTest()" classname="JuegoTest" time="0.002"/>
  <testcase name="InicializacionDelJuegoTest()" classname="JuegoTest" time="0.002"/>
  <testcase name="MovimientoDelJugadorInvalidoTest()" classname="JuegoTest" time="0.003"/>
  <testcase name="MovimientoDelJugadorValidoTest()" classname="JuegoTest" time="0.001"/>
  <system-out><![CDATA[]]></system-out>
  <system-err><![CDATA[]]></system-err>
</testsuite>
